30
1073741823.000000000
9.085420378 -606.829159245 676.170840755 20
25.978593149 800.000000000 -259.042813702 3
44.778075729 -660.221924271 925.000000000 15
61.232463967 288.070144133 -419.697391900 1
72.243050917 -665.027796333 -971.000000000 25
82.290122487 -183.870367461 -89.000000000 21
89.075872758 350.379363789 -507.379363789 29
94.816764329 808.816764329 -161.816764329 26
111.229727892 -718.918911568 438.081088432 11
123.224862925 -751.124314626 -761.000000000 5
135.626517489 440.879552466 -418.746965023 8
153.370130404 -1034.480521615 -1404.480521615 30
176.240786067 -420.963144267 798.759213933 23
187.233809798 -101.169048988 -253.000000000 14
207.072336475 1601.361682376 -1271.361682376 22
226.846409987 86.000000000 -1.000000000 12
233.772753937 -104.227246063 665.000000000 4
254.273849793 -909.000000000 -1220.547699586 9
288.103206953 -1578.309620860 2095.516034766 2
322.529978661 -2531.649893303 -1212.529978661 17
345.598489923 -1281.795469770 726.393959693 24
356.973433342 -144.920300026 763.920300026 19
377.875440717 -1571.377203587 -763.875440717 16
420.610287091 1740.051435456 1937.441148365 10
441.907930574 1425.723791721 -169.000000000 18
454.378442483 993.513769933 1000.756884967 27
482.227331717 -1674.136658583 201.227331717 7
502.389865803 119.389865803 1122.389865803 13
535.994794199 352.989588397 -2229.973970993 28
570.482545619 -2540.930182474 -354.000000000 6
