1000
16667039.000000
1.700000 -15.000000 -8.000000 249
3.000000 -10.000000 -20.000000 850
4.910497 -24.000000 -33.000000 267
6.210497 -19.000000 -45.000000 555
8.070605 -8.000000 -60.000000 800
9.019288 1.000000 -57.000000 880
10.039092 3.000000 -67.000000 911
10.863713 -5.000000 -65.000000 391
11.718114 -2.000000 -73.000000 124
12.130424 2.000000 -72.000000 773
12.330424 2.000000 -70.000000 414
12.646652 3.000000 -67.000000 107
12.870259 5.000000 -68.000000 38
13.510571 10.000000 -72.000000 79
13.710571 12.000000 -72.000000 967
14.157785 10.000000 -76.000000 372
14.299206 9.000000 -77.000000 992
15.006313 4.000000 -82.000000 18
15.516215 5.000000 -87.000000 404
15.940479 8.000000 -90.000000 936
16.223322 6.000000 -92.000000 766
16.506164 4.000000 -94.000000 52
16.606164 3.000000 -94.000000 495
17.018475 -1.000000 -93.000000 125
17.556991 -3.000000 -88.000000 74
18.500389 -8.000000 -96.000000 415
18.641811 -7.000000 -97.000000 890
19.362921 -13.000000 -93.000000 710
19.775232 -17.000000 -92.000000 541
19.998838 -18.000000 -94.000000 790
20.298838 -18.000000 -97.000000 465
21.060416 -25.000000 -100.000000 953
21.201837 -26.000000 -99.000000 91
21.872657 -32.000000 -96.000000 970
22.096264 -31.000000 -94.000000 160
22.817375 -25.000000 -90.000000 426
23.117375 -22.000000 -90.000000 772
23.757687 -27.000000 -86.000000 236
24.057687 -27.000000 -83.000000 346
24.281294 -29.000000 -82.000000 519
24.889570 -28.000000 -76.000000 632
25.336784 -26.000000 -72.000000 771
25.836784 -26.000000 -67.000000 231
26.469239 -24.000000 -61.000000 140
26.881550 -23.000000 -57.000000 187
27.381550 -18.000000 -57.000000 701
27.805814 -15.000000 -54.000000 437
28.005814 -15.000000 -52.000000 82
28.366369 -13.000000 -55.000000 20
28.998824 -11.000000 -61.000000 80
29.537341 -6.000000 -59.000000 369
30.075857 -1.000000 -57.000000 2
30.392085 2.000000 -56.000000 964
30.752640 0.000000 -53.000000 99
31.514218 7.000000 -50.000000 374
32.185038 13.000000 -53.000000 168
32.501266 14.000000 -56.000000 431
32.861821 12.000000 -59.000000 769
33.085428 13.000000 -61.000000 647
33.685428 19.000000 -61.000000 234
33.826849 20.000000 -62.000000 961
34.251113 23.000000 -59.000000 47
34.834208 20.000000 -54.000000 306
34.934208 19.000000 -54.000000 755
35.217051 17.000000 -52.000000 997
36.023277 25.000000 -51.000000 615
36.730384 26.000000 -44.000000 837
37.046611 29.000000 -45.000000 508
37.270218 31.000000 -44.000000 722
37.717432 33.000000 -40.000000 777
37.817432 33.000000 -39.000000 386
38.449887 31.000000 -33.000000 210
38.897101 33.000000 -29.000000 842
39.213329 36.000000 -28.000000 795
39.354750 37.000000 -27.000000 433
39.670978 40.000000 -28.000000 153
40.083288 39.000000 -24.000000 802
40.648974 43.000000 -20.000000 335
41.376985 45.000000 -13.000000 651
42.138562 52.000000 -16.000000 854
42.454790 53.000000 -19.000000 694
43.087245 51.000000 -25.000000 571
43.228667 50.000000 -26.000000 941
44.123094 54.000000 -34.000000 570
44.632996 53.000000 -39.000000 532
45.241272 47.000000 -40.000000 283
45.751174 42.000000 -41.000000 877
46.334269 39.000000 -46.000000 664
47.378300 42.000000 -56.000000 649
47.601907 41.000000 -58.000000 147
47.701907 40.000000 -58.000000 981
48.001907 37.000000 -58.000000 733
48.101907 37.000000 -57.000000 704
48.401907 37.000000 -60.000000 588
48.901907 34.000000 -64.000000 292
49.125513 36.000000 -65.000000 265
49.408356 38.000000 -67.000000 109
49.768911 41.000000 -69.000000 763
50.468911 48.000000 -69.000000 438
51.390866 42.000000 -76.000000 765
51.803176 43.000000 -80.000000 262
51.903176 43.000000 -81.000000 913
52.315487 39.000000 -80.000000 321
52.898582 42.000000 -85.000000 625
53.040003 43.000000 -86.000000 538
53.464267 40.000000 -89.000000 278
53.605689 39.000000 -88.000000 543
54.105689 36.000000 -92.000000 599
54.552902 32.000000 -94.000000 259
55.052902 29.000000 -90.000000 132
55.465213 30.000000 -86.000000 683
56.186323 26.000000 -80.000000 457
56.502551 23.000000 -79.000000 297
57.085646 18.000000 -76.000000 824
58.489213 17.000000 -90.000000 287
59.089213 17.000000 -96.000000 894
59.536427 21.000000 -98.000000 288
60.298004 24.000000 -91.000000 499
62.452070 44.000000 -99.000000 237
63.481633 49.000000 -90.000000 848
64.047318 53.000000 -86.000000 313
64.585835 55.000000 -81.000000 947
64.902063 56.000000 -78.000000 535
65.850746 59.000000 -87.000000 213
66.350746 56.000000 -91.000000 522
66.450746 56.000000 -92.000000 344
66.897959 54.000000 -96.000000 411
67.605066 61.000000 -97.000000 759
67.746488 62.000000 -98.000000 812
68.346488 62.000000 -92.000000 286
68.546488 64.000000 -92.000000 273
69.186800 69.000000 -96.000000 481
69.948377 72.000000 -89.000000 728
70.264605 75.000000 -88.000000 450
70.676916 76.000000 -84.000000 623
70.900522 78.000000 -83.000000 449
71.261078 80.000000 -80.000000 552
71.484684 78.000000 -79.000000 902
72.023201 73.000000 -77.000000 120
72.246808 72.000000 -75.000000 322
72.659118 71.000000 -71.000000 669
72.882725 72.000000 -69.000000 454
73.024146 73.000000 -70.000000 925
73.247753 74.000000 -68.000000 145
73.647753 70.000000 -68.000000 90
74.280209 64.000000 -66.000000 4
74.503816 63.000000 -64.000000 50
75.231827 65.000000 -57.000000 296
75.902647 68.000000 -51.000000 348
76.044068 67.000000 -50.000000 808
76.644068 61.000000 -50.000000 333
77.351175 54.000000 -49.000000 986
77.651175 51.000000 -49.000000 22
78.011730 53.000000 -52.000000 926
78.424041 52.000000 -56.000000 796
79.007136 55.000000 -61.000000 868
80.111672 44.000000 -60.000000 428
80.744128 46.000000 -54.000000 681
81.960680 34.000000 -56.000000 479
83.042345 28.000000 -65.000000 747
85.928519 21.000000 -37.000000 405
86.991534 14.000000 -29.000000 527
87.215141 12.000000 -30.000000 467
87.715141 15.000000 -26.000000 244
88.162354 19.000000 -24.000000 617
88.869461 24.000000 -19.000000 277
89.093068 26.000000 -20.000000 156
89.701344 27.000000 -26.000000 221
90.017572 30.000000 -27.000000 289
90.650027 32.000000 -21.000000 989
91.950027 37.000000 -9.000000 969
92.459929 38.000000 -4.000000 748
92.907143 40.000000 0.000000 57
93.472828 44.000000 4.000000 821
93.672828 44.000000 6.000000 235
94.255924 49.000000 3.000000 117
95.177878 58.000000 1.000000 723
95.460721 60.000000 -1.000000 180
95.684328 59.000000 -3.000000 703
96.000555 62.000000 -4.000000 469
96.510457 63.000000 -9.000000 152
97.142913 57.000000 -11.000000 920
97.284334 56.000000 -10.000000 422
97.584334 56.000000 -13.000000 96
97.684334 55.000000 -13.000000 897
97.984334 58.000000 -13.000000 195
98.484334 61.000000 -17.000000 768
98.844889 64.000000 -19.000000 616
99.205444 66.000000 -16.000000 326
99.845757 70.000000 -21.000000 674
100.206312 73.000000 -23.000000 962
100.618623 77.000000 -22.000000 383
101.346634 79.000000 -29.000000 37
101.856536 80.000000 -34.000000 734
102.139378 78.000000 -36.000000 317
102.539378 74.000000 -36.000000 403
102.639378 73.000000 -36.000000 915
103.039378 69.000000 -36.000000 417
103.746485 70.000000 -29.000000 111
104.285001 65.000000 -27.000000 87
104.585001 65.000000 -24.000000 193
104.726423 66.000000 -23.000000 174
105.586655 59.000000 -28.000000 28
106.392881 60.000000 -36.000000 685
108.139306 76.000000 -43.000000 257
108.339306 76.000000 -45.000000 360
108.849208 77.000000 -40.000000 965
109.743635 85.000000 -36.000000 581
109.943635 87.000000 -36.000000 136
110.167242 86.000000 -34.000000 472
110.767242 86.000000 -40.000000 35
111.179553 87.000000 -44.000000 671
111.540108 84.000000 -46.000000 676
112.346333 88.000000 -53.000000 264
112.884850 86.000000 -58.000000 517
113.555670 80.000000 -55.000000 638
114.094187 75.000000 -57.000000 105
114.694187 75.000000 -51.000000 927
116.573016 92.000000 -43.000000 123
116.796623 93.000000 -45.000000 62
117.243837 91.000000 -41.000000 295
117.743837 96.000000 -41.000000 349
118.326932 99.000000 -36.000000 668
118.826932 96.000000 -32.000000 31
118.968353 95.000000 -33.000000 246
120.571475 94.000000 -17.000000 524
121.824472 88.000000 -6.000000 656
121.924472 88.000000 -5.000000 419
122.124472 88.000000 -3.000000 843
122.732748 87.000000 3.000000 229
123.341024 93.000000 2.000000 907
123.841024 98.000000 2.000000 205
124.241024 98.000000 -2.000000 25
125.544865 99.000000 11.000000 788
126.251971 92.000000 10.000000 718
126.959078 85.000000 11.000000 917
127.591534 79.000000 9.000000 976
128.003844 78.000000 5.000000 329
128.503844 74.000000 2.000000 652
128.727451 73.000000 4.000000 587
129.139762 69.000000 3.000000 823
129.339762 69.000000 1.000000 356
129.972217 71.000000 -5.000000 984
130.700228 73.000000 -12.000000 779
132.544137 61.000000 2.000000 621
133.573700 66.000000 11.000000 167
133.934255 69.000000 13.000000 627
134.472772 74.000000 11.000000 112
135.179878 79.000000 16.000000 585
136.101833 88.000000 18.000000 817
136.462388 90.000000 21.000000 183
136.685995 89.000000 23.000000 952
137.110259 86.000000 26.000000 861
137.916485 94.000000 25.000000 379
138.426387 99.000000 26.000000 303
139.126387 99.000000 19.000000 860
140.626387 99.000000 34.000000 347
141.616336 92.000000 41.000000 43
142.256648 88.000000 46.000000 887
142.927469 91.000000 52.000000 173
143.288024 94.000000 54.000000 102
143.488024 94.000000 56.000000 935
143.788024 97.000000 56.000000 869
144.326540 99.000000 51.000000 29
145.826540 90.000000 63.000000 357
146.187096 93.000000 65.000000 876
146.503323 92.000000 68.000000 906
146.786166 94.000000 70.000000 831
147.233380 92.000000 74.000000 375
147.593935 94.000000 77.000000 315
147.693935 95.000000 77.000000 904
148.106245 91.000000 78.000000 143
148.466800 89.000000 81.000000 361
148.891065 86.000000 84.000000 862
149.523520 80.000000 82.000000 108
150.155976 78.000000 76.000000 16
150.555976 78.000000 72.000000 127
151.055976 75.000000 68.000000 49
151.455976 71.000000 68.000000 146
151.965878 66.000000 67.000000 400
152.504394 68.000000 62.000000 646
153.070079 64.000000 58.000000 420
153.293686 62.000000 59.000000 751
153.654241 60.000000 56.000000 453
153.754241 59.000000 56.000000 560
154.166552 55.000000 55.000000 351
154.666552 51.000000 52.000000 919
155.249647 54.000000 47.000000 129
156.293678 64.000000 44.000000 520
156.793678 64.000000 39.000000 697
157.303580 69.000000 40.000000 208
157.750793 73.000000 42.000000 258
157.750793 73.000000 42.000000 507
158.557019 72.000000 34.000000 119
158.957019 76.000000 34.000000 342
159.180626 77.000000 32.000000 841
159.463469 75.000000 30.000000 780
159.687075 76.000000 28.000000 708
160.448653 79.000000 35.000000 896
161.119473 82.000000 41.000000 857
161.629375 81.000000 46.000000 461
161.729375 81.000000 47.000000 232
161.870796 80.000000 46.000000 785
162.731029 73.000000 51.000000 628
163.269545 71.000000 56.000000 540
163.493152 72.000000 58.000000 553
164.163973 78.000000 61.000000 314
164.834793 84.000000 64.000000 612
165.151021 87.000000 65.000000 895
165.872131 83.000000 71.000000 582
166.013552 84.000000 72.000000 159
167.513552 93.000000 84.000000 130
167.829780 96.000000 83.000000 304
168.329780 99.000000 87.000000 787
169.359343 94.000000 96.000000 689
169.582950 95.000000 98.000000 141
169.682950 96.000000 98.000000 801
170.266045 91.000000 95.000000 199
170.874321 85.000000 94.000000 502
171.190549 84.000000 91.000000 30
171.331971 83.000000 90.000000 829
171.870487 78.000000 92.000000 75
172.094094 77.000000 94.000000 224
172.801201 82.000000 99.000000 269
174.038132 70.000000 96.000000 738
174.738132 63.000000 96.000000 716
174.879554 62.000000 97.000000 619
175.801508 56.000000 90.000000 44
176.162063 53.000000 92.000000 938
176.869170 48.000000 97.000000 810
177.281481 44.000000 96.000000 944
177.381481 43.000000 96.000000 572
177.681481 43.000000 99.000000 784
178.686468 44.000000 89.000000 325
178.910075 45.000000 87.000000 441
179.133682 47.000000 86.000000 281
179.914707 53.000000 81.000000 545
180.361920 55.000000 77.000000 230
180.585527 53.000000 76.000000 782
181.185527 53.000000 70.000000 554
181.685527 48.000000 70.000000 486
182.268622 43.000000 73.000000 503
182.551465 45.000000 75.000000 603
182.867693 42.000000 76.000000 849
183.857642 35.000000 69.000000 241
184.173870 32.000000 68.000000 9
184.273870 32.000000 67.000000 807
185.195824 23.000000 65.000000 225
185.337246 22.000000 66.000000 305
185.784459 18.000000 64.000000 32
186.100687 15.000000 63.000000 686
186.300687 13.000000 63.000000 792
186.810589 14.000000 68.000000 207
187.171144 11.000000 70.000000 201
187.811457 6.000000 66.000000 200
188.311457 1.000000 66.000000 957
188.849973 -4.000000 64.000000 310
189.557080 -11.000000 63.000000 809
190.095596 -13.000000 68.000000 92
190.395596 -13.000000 71.000000 845
190.695596 -13.000000 74.000000 300
191.303873 -7.000000 73.000000 670
191.603873 -7.000000 76.000000 650
191.964428 -5.000000 79.000000 252
192.364428 -1.000000 79.000000 923
192.588035 1.000000 80.000000 248
192.870877 3.000000 78.000000 217
193.453973 0.000000 83.000000 364
194.062249 6.000000 84.000000 700
195.125263 14.000000 77.000000 576
195.635165 19.000000 76.000000 10
196.363176 26.000000 78.000000 336
197.285131 32.000000 85.000000 498
197.508738 34.000000 86.000000 378
197.650159 35.000000 85.000000 263
198.456385 28.000000 89.000000 365
198.903598 26.000000 93.000000 434
199.403598 22.000000 90.000000 128
199.403598 22.000000 90.000000 339
199.764153 19.000000 92.000000 42
200.080381 18.000000 95.000000 1
200.580381 21.000000 99.000000 725
200.803988 23.000000 98.000000 142
201.703988 14.000000 98.000000 853
202.103988 10.000000 98.000000 604
202.811095 3.000000 99.000000 222
203.111095 0.000000 99.000000 270
203.611095 0.000000 94.000000 799
203.811095 2.000000 94.000000 67
204.258308 -2.000000 92.000000 162
204.929129 -5.000000 98.000000 931
206.069304 -14.000000 91.000000 786
206.469304 -14.000000 87.000000 939
206.569304 -13.000000 87.000000 250
207.209617 -9.000000 82.000000 537
208.426169 -21.000000 80.000000 546
208.873383 -25.000000 82.000000 416
209.096989 -26.000000 84.000000 389
209.296989 -26.000000 86.000000 282
209.496989 -24.000000 86.000000 715
209.944203 -28.000000 88.000000 443
210.044203 -29.000000 88.000000 271
210.360431 -28.000000 91.000000 493
211.282385 -35.000000 85.000000 101
211.706649 -38.000000 88.000000 567
211.989492 -40.000000 86.000000 155
212.389492 -40.000000 90.000000 463
212.489492 -41.000000 90.000000 216
213.509296 -51.000000 92.000000 608
213.825524 -52.000000 95.000000 580
214.186079 -55.000000 93.000000 362
214.893186 -50.000000 98.000000 387
216.458433 -57.000000 84.000000 274
216.968335 -62.000000 83.000000 424
217.368335 -66.000000 83.000000 407
217.568335 -66.000000 81.000000 40
218.078237 -67.000000 76.000000 909
218.661332 -72.000000 73.000000 381
218.944175 -74.000000 75.000000 673
219.260403 -77.000000 74.000000 764
219.543245 -79.000000 72.000000 66
219.859473 -82.000000 73.000000 569
220.059473 -82.000000 71.000000 985
220.359473 -82.000000 68.000000 637
220.459473 -82.000000 67.000000 223
220.683080 -84.000000 68.000000 494
220.983080 -84.000000 65.000000 644
221.383080 -84.000000 61.000000 26
221.795391 -80.000000 60.000000 212
222.095391 -80.000000 57.000000 836
222.318997 -79.000000 55.000000 343
222.718997 -83.000000 55.000000 59
222.860419 -84.000000 54.000000 36
223.143261 -86.000000 56.000000 966
223.243261 -86.000000 57.000000 126
223.753163 -87.000000 52.000000 312
224.474274 -83.000000 46.000000 536
224.834829 -80.000000 44.000000 63
225.259093 -77.000000 41.000000 118
225.619648 -74.000000 43.000000 327
226.252104 -68.000000 45.000000 190
226.817789 -72.000000 49.000000 219
227.317789 -69.000000 53.000000 533
227.717789 -65.000000 53.000000 653
227.859210 -64.000000 52.000000 640
228.397727 -66.000000 57.000000 176
228.621334 -64.000000 58.000000 758
228.721334 -63.000000 58.000000 990
229.004176 -65.000000 60.000000 950
229.416487 -69.000000 59.000000 56
230.123594 -68.000000 66.000000 983
230.633496 -73.000000 67.000000 309
231.354606 -77.000000 61.000000 661
232.494781 -80.000000 50.000000 606
233.794781 -92.000000 45.000000 1000
234.018388 -94.000000 44.000000 484
234.334616 -97.000000 43.000000 736
235.354420 -99.000000 33.000000 397
235.986875 -93.000000 31.000000 523
236.210482 -91.000000 32.000000 620
236.881302 -94.000000 26.000000 987
237.197530 -91.000000 25.000000 490
237.904637 -92.000000 18.000000 334
238.204637 -95.000000 18.000000 574
238.404637 -97.000000 18.000000 657
238.546058 -98.000000 17.000000 401
238.769665 -99.000000 19.000000 54
239.216879 -97.000000 15.000000 261
239.416879 -95.000000 15.000000 743
239.616879 -93.000000 15.000000 131
240.041143 -90.000000 12.000000 34
240.802720 -87.000000 19.000000 814
241.385815 -82.000000 16.000000 729
241.833029 -78.000000 14.000000 100
242.416124 -81.000000 9.000000 3
242.840388 -78.000000 6.000000 871
243.350290 -73.000000 5.000000 432
243.491712 -72.000000 4.000000 341
244.219723 -70.000000 11.000000 203
244.580278 -68.000000 14.000000 478
244.721699 -69.000000 15.000000 488
245.576099 -72.000000 23.000000 84
245.988410 -73.000000 27.000000 797
246.769435 -78.000000 33.000000 590
247.069435 -78.000000 36.000000 744
247.469435 -74.000000 36.000000 477
248.275661 -81.000000 32.000000 218
248.908116 -83.000000 26.000000 781
250.805483 -65.000000 32.000000 337
251.305483 -61.000000 29.000000 149
251.729747 -58.000000 26.000000 113
252.012590 -56.000000 24.000000 610
252.412590 -56.000000 20.000000 474
252.922492 -51.000000 19.000000 794
253.205334 -49.000000 21.000000 53
254.099761 -41.000000 25.000000 583
254.199761 -41.000000 26.000000 439
254.980786 -46.000000 32.000000 97
255.519303 -51.000000 34.000000 742
255.919303 -55.000000 34.000000 456
256.060724 -56.000000 35.000000 602
256.421279 -58.000000 38.000000 366
256.644886 -57.000000 40.000000 485
257.227981 -62.000000 37.000000 929
258.290996 -54.000000 30.000000 663
259.239679 -51.000000 39.000000 515
260.224565 -47.000000 48.000000 804
260.324565 -46.000000 48.000000 27
260.771779 -44.000000 52.000000 33
261.088006 -41.000000 51.000000 447
261.849584 -34.000000 54.000000 666
262.359486 -33.000000 49.000000 435
263.184107 -35.000000 41.000000 279
263.584107 -31.000000 41.000000 833
264.390333 -24.000000 37.000000 307
264.890333 -20.000000 40.000000 291
265.031754 -19.000000 39.000000 89
265.541656 -14.000000 40.000000 491
265.988869 -16.000000 44.000000 687
266.488869 -13.000000 48.000000 242
266.588869 -12.000000 48.000000 702
266.812476 -10.000000 47.000000 158
267.128704 -7.000000 46.000000 412
267.528704 -7.000000 50.000000 46
267.752311 -8.000000 52.000000 720
267.952311 -8.000000 54.000000 164
268.312866 -5.000000 52.000000 940
268.595709 -3.000000 50.000000 489
268.819315 -2.000000 48.000000 562
269.490136 4.000000 51.000000 531
270.073231 1.000000 56.000000 122
271.462475 13.000000 49.000000 384
271.686082 15.000000 50.000000 172
272.356903 12.000000 44.000000 402
273.341788 3.000000 40.000000 945
273.924884 0.000000 35.000000 563
274.424884 -5.000000 35.000000 72
275.524884 6.000000 35.000000 891
276.063400 11.000000 33.000000 542
276.869626 19.000000 32.000000 178
277.899189 14.000000 23.000000 471
278.399189 11.000000 19.000000 500
278.622796 10.000000 17.000000 660
279.122796 13.000000 13.000000 521
279.122796 13.000000 13.000000 930
279.346402 14.000000 11.000000 998
279.487824 15.000000 10.000000 482
279.804052 12.000000 9.000000 757
280.369737 16.000000 5.000000 413
280.879639 21.000000 6.000000 881
280.979639 22.000000 6.000000 13
281.379639 22.000000 10.000000 94
281.945324 18.000000 14.000000 211
282.228167 16.000000 16.000000 614
282.451774 18.000000 17.000000 875
283.060050 24.000000 18.000000 678
283.201471 25.000000 17.000000 885
283.425078 27.000000 18.000000 549
283.825078 27.000000 22.000000 556
284.048685 25.000000 23.000000 879
285.188861 32.000000 14.000000 629
285.330282 33.000000 13.000000 73
286.030282 33.000000 6.000000 924
286.313125 35.000000 4.000000 699
286.713125 31.000000 4.000000 775
287.073680 28.000000 6.000000 827
287.928080 31.000000 -2.000000 870
288.069501 32.000000 -3.000000 492
288.850526 26.000000 -8.000000 58
289.850526 20.000000 0.000000 635
290.704927 12.000000 -3.000000 65
291.345239 7.000000 -7.000000 933
291.757550 6.000000 -11.000000 151
292.169860 2.000000 -12.000000 446
292.469860 2.000000 -15.000000 170
293.102316 0.000000 -9.000000 654
293.702316 -6.000000 -9.000000 949
294.114626 -5.000000 -5.000000 731
294.561840 -1.000000 -3.000000 844
294.661840 -1.000000 -2.000000 390
295.368947 -2.000000 5.000000 182
295.768947 2.000000 5.000000 154
296.216160 0.000000 9.000000 806
296.716160 4.000000 12.000000 739
297.477738 -3.000000 15.000000 609
297.977738 -6.000000 11.000000 60
298.377738 -6.000000 7.000000 963
299.517913 -13.000000 16.000000 509
299.917913 -17.000000 16.000000 7
300.365127 -21.000000 14.000000 8
300.765127 -21.000000 18.000000 266
301.397582 -19.000000 24.000000 135
301.697582 -19.000000 27.000000 134
302.058137 -21.000000 30.000000 884
302.258137 -23.000000 30.000000 636
302.358137 -23.000000 31.000000 103
302.718693 -26.000000 29.000000 530
302.918693 -28.000000 29.000000 418
303.234920 -27.000000 26.000000 750
303.634920 -23.000000 26.000000 139
304.200606 -27.000000 22.000000 761
304.400606 -29.000000 22.000000 819
304.716833 -32.000000 21.000000 770
304.916833 -32.000000 19.000000 778
305.341098 -35.000000 16.000000 977
306.041098 -35.000000 9.000000 776
306.453408 -39.000000 10.000000 691
306.900622 -43.000000 8.000000 423
307.439138 -48.000000 6.000000 714
307.755366 -51.000000 5.000000 594
307.978973 -53.000000 6.000000 367
308.295201 -52.000000 9.000000 840
308.966021 -58.000000 6.000000 398
309.282249 -61.000000 5.000000 516
310.282249 -67.000000 -3.000000 713
310.682249 -67.000000 -7.000000 427
311.542481 -72.000000 -14.000000 161
311.903036 -75.000000 -16.000000 898
312.511313 -69.000000 -17.000000 204
312.711313 -67.000000 -17.000000 76
313.418419 -60.000000 -18.000000 932
313.734647 -59.000000 -21.000000 448
314.559268 -61.000000 -29.000000 584
314.559268 -61.000000 -29.000000 973
314.759268 -63.000000 -29.000000 98
314.759268 -63.000000 -29.000000 642
314.959268 -63.000000 -31.000000 214
315.406482 -67.000000 -29.000000 61
315.547903 -68.000000 -30.000000 793
315.747903 -68.000000 -32.000000 169
316.330998 -73.000000 -35.000000 363
316.554605 -75.000000 -36.000000 240
316.554605 -75.000000 -36.000000 856
316.870833 -76.000000 -33.000000 399
317.094440 -75.000000 -31.000000 597
317.494440 -79.000000 -31.000000 866
317.810668 -78.000000 -28.000000 354
317.952089 -77.000000 -27.000000 688
318.175696 -78.000000 -25.000000 385
318.675696 -81.000000 -21.000000 85
318.958538 -83.000000 -23.000000 643
319.458538 -83.000000 -18.000000 376
319.558538 -82.000000 -18.000000 791
320.190994 -84.000000 -12.000000 323
320.414601 -85.000000 -10.000000 855
320.556022 -86.000000 -9.000000 198
320.779629 -87.000000 -7.000000 975
321.318145 -92.000000 -5.000000 215
321.541752 -94.000000 -6.000000 528
321.765359 -96.000000 -5.000000 918
322.177670 -95.000000 -1.000000 892
322.377670 -93.000000 -1.000000 382
322.985946 -99.000000 -2.000000 605
324.090482 -98.000000 -13.000000 93
324.790482 -98.000000 -20.000000 504
325.712436 -89.000000 -18.000000 749
326.617975 -88.000000 -27.000000 867
327.288795 -91.000000 -33.000000 202
327.995902 -96.000000 -38.000000 377
328.219509 -98.000000 -37.000000 762
328.758025 -100.000000 -32.000000 951
330.061866 -99.000000 -45.000000 943
330.474176 -95.000000 -46.000000 275
330.674176 -93.000000 -46.000000 903
330.874176 -93.000000 -48.000000 324
331.074176 -93.000000 -50.000000 459
331.390404 -94.000000 -53.000000 121
331.590404 -96.000000 -53.000000 706
332.580354 -89.000000 -60.000000 822
333.212809 -83.000000 -62.000000 798
333.312809 -83.000000 -63.000000 328
333.725120 -82.000000 -67.000000 900
334.007962 -84.000000 -69.000000 440
335.148138 -75.000000 -76.000000 316
335.371745 -73.000000 -77.000000 695
336.099756 -66.000000 -79.000000 514
336.415983 -63.000000 -78.000000 677
336.515983 -63.000000 -77.000000 408
336.657405 -62.000000 -76.000000 655
336.973632 -61.000000 -73.000000 425
337.420846 -63.000000 -69.000000 243
337.833157 -67.000000 -70.000000 864
338.614182 -61.000000 -65.000000 595
338.897024 -63.000000 -63.000000 922
339.197024 -63.000000 -60.000000 908
339.706926 -64.000000 -55.000000 838
339.930533 -62.000000 -54.000000 557
340.030533 -62.000000 -53.000000 137
340.130533 -61.000000 -53.000000 436
340.413376 -63.000000 -51.000000 179
340.860589 -67.000000 -53.000000 726
341.143432 -69.000000 -51.000000 578
341.555743 -68.000000 -47.000000 371
342.002956 -70.000000 -43.000000 883
342.902956 -79.000000 -43.000000 978
343.922760 -89.000000 -41.000000 332
345.672046 -80.000000 -56.000000 882
346.181948 -75.000000 -55.000000 937
346.909959 -73.000000 -62.000000 388
347.209959 -70.000000 -62.000000 194
348.624172 -56.000000 -60.000000 899
349.331279 -49.000000 -59.000000 705
349.939555 -48.000000 -65.000000 138
351.016588 -44.000000 -55.000000 15
351.516588 -47.000000 -51.000000 308
351.877143 -50.000000 -49.000000 247
352.077143 -52.000000 -49.000000 501
352.615660 -57.000000 -47.000000 460
352.931888 -58.000000 -44.000000 593
353.431888 -54.000000 -41.000000 958
353.748115 -55.000000 -38.000000 745
354.048115 -58.000000 -38.000000 684
354.271722 -60.000000 -39.000000 311
354.837408 -56.000000 -35.000000 760
354.837408 -56.000000 -35.000000 905
355.037408 -56.000000 -33.000000 551
355.320250 -54.000000 -35.000000 916
355.830152 -55.000000 -30.000000 971
356.591730 -48.000000 -33.000000 682
357.101632 -49.000000 -38.000000 767
357.201632 -49.000000 -39.000000 302
357.701632 -44.000000 -39.000000 999
358.211533 -43.000000 -44.000000 95
358.572089 -45.000000 -47.000000 293
359.212401 -40.000000 -51.000000 177
359.778086 -36.000000 -47.000000 596
360.506097 -29.000000 -45.000000 39
360.866653 -26.000000 -43.000000 444
361.474929 -20.000000 -42.000000 239
361.874929 -20.000000 -38.000000 568
362.174929 -17.000000 -38.000000 181
362.981155 -9.000000 -39.000000 988
363.181155 -7.000000 -39.000000 505
363.281155 -7.000000 -38.000000 497
363.913610 -9.000000 -44.000000 284
364.325921 -10.000000 -48.000000 658
364.425921 -10.000000 -49.000000 577
365.955627 -25.000000 -52.000000 191
367.442233 -36.000000 -62.000000 51
367.942233 -33.000000 -66.000000 518
368.452135 -32.000000 -71.000000 21
369.552135 -21.000000 -71.000000 88
369.912690 -18.000000 -73.000000 607
370.273246 -15.000000 -71.000000 106
370.838931 -11.000000 -75.000000 358
371.121774 -9.000000 -77.000000 227
371.631676 -14.000000 -78.000000 430
372.055940 -17.000000 -81.000000 506
372.416495 -19.000000 -78.000000 995
373.534529 -14.000000 -88.000000 330
375.911502 -5.000000 -66.000000 78
378.642802 6.000000 -41.000000 298
378.742802 6.000000 -40.000000 83
379.383114 2.000000 -35.000000 525
379.699342 1.000000 -32.000000 487
380.209244 6.000000 -33.000000 410
381.327278 8.000000 -22.000000 893
381.739588 4.000000 -21.000000 993
382.410409 10.000000 -18.000000 579
382.610409 12.000000 -18.000000 148
383.148925 10.000000 -13.000000 564
383.648925 14.000000 -10.000000 45
383.872532 16.000000 -11.000000 889
386.019623 -3.000000 -21.000000 392
386.602718 -6.000000 -26.000000 110
387.026982 -9.000000 -23.000000 294
387.948937 -15.000000 -16.000000 466
388.090358 -14.000000 -15.000000 834
388.231780 -15.000000 -14.000000 816
388.548007 -18.000000 -13.000000 185
388.548007 -18.000000 -13.000000 910
388.689429 -19.000000 -12.000000 561
389.101739 -20.000000 -16.000000 81
389.956140 -17.000000 -8.000000 144
390.494656 -22.000000 -6.000000 86
390.636078 -23.000000 -7.000000 48
390.936078 -23.000000 -4.000000 220
391.568533 -17.000000 -2.000000 659
392.168533 -17.000000 4.000000 852
392.974759 -24.000000 8.000000 630
393.198366 -25.000000 6.000000 370
393.421972 -26.000000 4.000000 157
394.021972 -32.000000 4.000000 954
394.560489 -34.000000 -1.000000 421
395.099005 -36.000000 -6.000000 340
395.381848 -38.000000 -8.000000 741
395.664691 -40.000000 -10.000000 754
396.385801 -44.000000 -4.000000 835
396.702029 -43.000000 -1.000000 830
397.211931 -48.000000 0.000000 393
397.411931 -48.000000 2.000000 352
397.995026 -51.000000 -3.000000 626
398.136447 -50.000000 -4.000000 299
399.440288 -39.000000 3.000000 206
401.284197 -27.000000 -11.000000 189
402.492501 -32.000000 -22.000000 873
402.692501 -32.000000 -24.000000 116
403.275596 -35.000000 -29.000000 547
403.858692 -40.000000 -26.000000 721
404.219247 -43.000000 -24.000000 948
404.666460 -39.000000 -22.000000 662
405.078771 -38.000000 -18.000000 373
405.806782 -45.000000 -20.000000 756
406.306782 -49.000000 -23.000000 256
406.623010 -50.000000 -20.000000 737
408.931689 -73.000000 -22.000000 150
410.863010 -80.000000 -4.000000 872
411.717410 -83.000000 4.000000 350
413.417410 -98.000000 12.000000 955
417.117410 -63.000000 24.000000 611
419.961703 -58.000000 52.000000 406
419.961703 -58.000000 52.000000 589
420.103124 -57.000000 53.000000 23
420.550338 -53.000000 51.000000 972
420.650338 -52.000000 51.000000 586
421.357444 -53.000000 58.000000 753
421.557444 -53.000000 60.000000 5
421.757444 -51.000000 60.000000 730
422.040287 -49.000000 62.000000 709
422.487501 -45.000000 64.000000 359
423.158321 -48.000000 70.000000 811
423.381928 -50.000000 69.000000 64
423.794238 -51.000000 73.000000 752
424.094238 -51.000000 76.000000 711
424.454794 -48.000000 74.000000 526
424.902007 -44.000000 72.000000 254
425.125614 -42.000000 71.000000 707
425.832721 -37.000000 66.000000 789
426.687121 -29.000000 69.000000 473
427.099432 -28.000000 65.000000 462
427.637948 -23.000000 67.000000 452
428.085162 -25.000000 71.000000 693
428.401390 -24.000000 74.000000 512
428.542811 -23.000000 75.000000 338
429.263921 -27.000000 81.000000 901
429.763921 -30.000000 77.000000 912
430.124476 -32.000000 80.000000 639
431.927252 -50.000000 81.000000 946
433.067427 -61.000000 78.000000 548
433.605944 -59.000000 73.000000 458
434.246256 -55.000000 68.000000 665
434.546256 -55.000000 65.000000 280
434.769863 -57.000000 64.000000 847
435.182174 -61.000000 63.000000 226
437.263039 -73.000000 80.000000 253
437.675349 -77.000000 79.000000 184
438.087660 -78.000000 83.000000 455
439.117223 -73.000000 92.000000 396
439.340830 -74.000000 94.000000 353
439.906515 -70.000000 98.000000 878
440.318826 -66.000000 97.000000 319
441.080403 -69.000000 90.000000 735
442.501670 -80.000000 99.000000 696
443.134126 -86.000000 97.000000 573
443.581339 -88.000000 93.000000 921
444.189616 -89.000000 87.000000 991
444.689616 -94.000000 87.000000 513
445.417626 -96.000000 80.000000 566
445.778182 -98.000000 77.000000 272
446.386458 -92.000000 78.000000 732
446.586458 -90.000000 78.000000 409
447.717829 -98.000000 70.000000 233
448.317829 -98.000000 64.000000 828
448.765042 -100.000000 60.000000 601
448.906464 -99.000000 59.000000 268
449.267019 -96.000000 57.000000 442
449.467019 -96.000000 55.000000 133
449.783247 -99.000000 54.000000 197
450.564272 -93.000000 59.000000 825
451.064272 -89.000000 62.000000 68
451.380499 -88.000000 65.000000 575
454.803948 -92.000000 99.000000 114
462.633380 -23.000000 62.000000 667
463.080593 -19.000000 60.000000 470
463.441148 -16.000000 58.000000 115
463.741148 -13.000000 58.000000 285
464.241148 -13.000000 53.000000 846
464.849424 -19.000000 52.000000 251
465.149424 -19.000000 49.000000 468
465.509980 -22.000000 51.000000 276
465.922290 -23.000000 47.000000 255
466.063712 -24.000000 46.000000 480
468.348443 -15.000000 25.000000 395
470.148443 3.000000 25.000000 496
473.286914 30.000000 41.000000 815
473.386914 31.000000 41.000000 69
473.747470 34.000000 43.000000 345
474.247470 38.000000 40.000000 380
474.608025 40.000000 43.000000 77
474.924252 43.000000 44.000000 826
476.005918 34.000000 50.000000 186
476.366473 31.000000 52.000000 591
476.666473 28.000000 52.000000 464
476.982701 25.000000 53.000000 209
477.582701 25.000000 59.000000 994
478.029914 21.000000 61.000000 618
479.953453 40.000000 58.000000 863
480.053453 41.000000 58.000000 245
480.253453 41.000000 60.000000 192
480.791969 43.000000 55.000000 394
482.670799 60.000000 63.000000 717
483.525199 63.000000 55.000000 805
483.625199 64.000000 55.000000 888
485.686752 59.000000 35.000000 746
486.047307 56.000000 33.000000 175
486.679762 54.000000 27.000000 692
487.092073 55.000000 23.000000 774
487.539287 59.000000 21.000000 740
488.039287 59.000000 16.000000 851
488.180708 60.000000 15.000000 6
488.280708 61.000000 15.000000 544
488.422129 62.000000 14.000000 70
488.869343 64.000000 18.000000 600
489.469343 64.000000 24.000000 445
489.969343 61.000000 28.000000 979
490.110764 62.000000 29.000000 690
491.314924 71.000000 21.000000 858
493.523996 49.000000 23.000000 960
493.936307 48.000000 19.000000 320
494.474823 46.000000 14.000000 368
494.698430 44.000000 13.000000 613
495.058985 41.000000 15.000000 24
496.163521 42.000000 26.000000 511
496.729206 38.000000 30.000000 331
497.239108 37.000000 35.000000 550
502.261060 66.000000 76.000000 559
502.461060 68.000000 76.000000 104
502.861060 68.000000 80.000000 675
503.143903 70.000000 82.000000 238
503.643903 74.000000 85.000000 698
509.673828 14.000000 91.000000 719
522.539286 40.000000 -35.000000 645
528.277753 83.000000 -73.000000 196
528.419174 84.000000 -74.000000 631
528.919174 88.000000 -71.000000 483
529.279729 91.000000 -73.000000 914
529.421150 92.000000 -74.000000 166
529.737378 95.000000 -75.000000 820
530.369834 89.000000 -77.000000 188
531.399397 84.000000 -86.000000 934
531.846610 80.000000 -88.000000 634
532.706843 73.000000 -83.000000 865
534.495697 81.000000 -99.000000 982
538.163121 97.000000 -66.000000 55
538.663121 93.000000 -63.000000 17
539.163121 93.000000 -58.000000 968
539.663121 96.000000 -54.000000 996
539.886728 98.000000 -53.000000 641
540.202956 99.000000 -50.000000 727
553.457389 -33.000000 -38.000000 724
557.557389 -42.000000 -78.000000 622
557.840232 -40.000000 -80.000000 475
558.378748 -42.000000 -85.000000 451
558.478748 -42.000000 -86.000000 783
558.925962 -46.000000 -84.000000 290
559.125962 -46.000000 -82.000000 301
559.125962 -46.000000 -82.000000 429
559.442190 -47.000000 -79.000000 163
559.980706 -49.000000 -84.000000 539
560.519223 -51.000000 -89.000000 228
560.879778 -53.000000 -92.000000 959
561.103385 -54.000000 -94.000000 11
561.326991 -55.000000 -96.000000 318
561.967304 -60.000000 -100.000000 592
562.575580 -66.000000 -99.000000 928
562.799187 -67.000000 -97.000000 980
562.899187 -68.000000 -97.000000 476
563.182030 -66.000000 -95.000000 874
563.405636 -68.000000 -94.000000 679
564.076457 -65.000000 -88.000000 355
564.523670 -61.000000 -90.000000 956
564.970884 -57.000000 -88.000000 974
565.831117 -62.000000 -81.000000 598
566.552227 -56.000000 -77.000000 12
568.772587 -38.000000 -90.000000 19
569.405043 -40.000000 -96.000000 165
569.805043 -40.000000 -100.000000 171
573.305043 -75.000000 -100.000000 624
573.975863 -81.000000 -97.000000 260
574.336418 -79.000000 -94.000000 534
574.836418 -76.000000 -90.000000 565
575.785102 -85.000000 -93.000000 803
576.295003 -86.000000 -88.000000 859
576.518610 -85.000000 -86.000000 818
576.834838 -84.000000 -83.000000 886
577.729265 -92.000000 -87.000000 14
578.089820 -94.000000 -84.000000 558
578.231242 -95.000000 -85.000000 832
578.531242 -98.000000 -85.000000 529
579.531242 -92.000000 -93.000000 839
579.943552 -93.000000 -97.000000 680
580.259780 -94.000000 -100.000000 41
580.706994 -96.000000 -96.000000 942
581.561394 -88.000000 -99.000000 672
581.702815 -87.000000 -98.000000 712
584.106978 -94.000000 -75.000000 633
584.330585 -96.000000 -74.000000 648
584.554192 -97.000000 -72.000000 510
584.754192 -97.000000 -70.000000 813
585.386648 -95.000000 -64.000000 71
