60
174773389722037.000000
1.000000000 1000 1 1
2.414213562 999 2 2
3.828427125 1000 3 5
5.242640687 1001 4 9
6.656854249 1002 5 14
8.071067812 1003 6 20
9.485281374 1004 7 27
10.899494937 1005 8 35
12.313708499 1006 9 44
13.727922061 1007 10 54
15.142135624 1006 11 64
16.556349186 1007 12 76
17.970562748 1008 13 89
19.384776311 1007 14 102
20.798989873 1006 15 116
22.213203436 1005 16 131
23.627416998 1006 17 148
25.041630560 1007 18 166
26.455844123 1008 19 185
27.870057685 1007 20 204
29.284271247 1008 21 225
30.698484810 1009 22 247
32.112698372 1010 23 270
33.526911935 1009 24 293
34.941125497 1010 25 318
36.355339059 1011 26 344
37.769552622 1012 27 371
39.183766184 1011 28 398
40.597979746 1012 29 427
42.012193309 1013 30 457
43.426406871 1014 31 488
44.840620434 1013 32 519
46.254833996 1012 33 551
47.669047558 1011 34 584
49.083261121 1010 35 618
50.497474683 1011 36 654
51.911688245 1010 37 690
53.325901808 1011 38 728
54.740115370 1012 39 767
56.154328933 1013 40 807
57.568542495 1014 41 848
58.982756057 1015 42 890
60.396969620 1014 43 932
61.811183182 1015 44 976
63.225396744 1016 45 1021
64.639610307 1017 46 1067
66.053823869 1016 47 1113
67.468037432 1015 48 1160
68.882250994 1016 49 1209
70.296464556 1017 50 1259
71.710678119 1016 51 1309
73.124891681 1015 52 1360
74.539105243 1014 53 1412
75.953318806 1015 54 1466
77.367532368 1016 55 1521
78.781745931 1015 56 1576
80.195959493 1016 57 1633
81.610173055 1015 58 1690
83.024386618 1014 59 1748
84.438600180 1013 60 1807
